0 info it worked if it ends with ok
1 verbose cli [ 'node',
1 verbose cli   '/usr/local/bin/npm',
1 verbose cli   'install',
1 verbose cli   'https://logicmason@bitbucket.org/logicmason/pinyin-to-zhuyin.git' ]
2 info using npm@1.3.11
3 info using node@v0.10.21
4 error Failed to parse json
4 error Unexpected token b
5 error File: /Users/xiaoma/projects/pinyin-to-zhuyin/package.json
6 error Failed to parse package.json data.
6 error package.json must be actual JSON, not just JavaScript.
6 error
6 error This is not a bug in npm.
6 error Tell the package author to fix their package.json file. JSON.parse
7 error System Darwin 13.3.0
8 error command "node" "/usr/local/bin/npm" "install" "https://logicmason@bitbucket.org/logicmason/pinyin-to-zhuyin.git"
9 error cwd /Users/xiaoma/projects/pinyin-to-zhuyin
10 error node -v v0.10.21
11 error npm -v 1.3.11
12 error file /Users/xiaoma/projects/pinyin-to-zhuyin/package.json
13 error code EJSONPARSE
14 verbose exit [ 1, true ]
